<?xml version="1.0" encoding="UTF-8"?>
<!-- Generated by org.testng.reporters.JUnitReportReporter -->
<testsuite hostname="MARK-IV" failures="0" tests="3" name="Deuteri_Ergasia.OpenAddressHashTableTest" time="0.064" errors="0" timestamp="2022-01-12T17:34:09 EET" skipped="0">
  <testcase classname="Deuteri_Ergasia.OpenAddressHashTableTest" name="Test2" time="0.000"/>
  <system-out/>
  <testcase classname="Deuteri_Ergasia.OpenAddressHashTableTest" name="Test3" time="0.000"/>
  <system-out/>
  <testcase classname="Deuteri_Ergasia.OpenAddressHashTableTest" name="Test1" time="0.064"/>
  <system-out/>
</testsuite> <!-- Deuteri_Ergasia.OpenAddressHashTableTest -->
